superlistview/build/intermediates/manifest_merge_blame_file/debug/manifest-merger-blame-debug-report.txt
1<?xml version="1.0" encoding="utf-8"?>
2<manifest xmlns:android="http://schemas.android.com/apk/res/android"
3    xmlns:tools="http://schemas.android.com/tools"
4    package="com.quentindommerc.superlistview.superlistview"
5    android:versionCode="1"
6    android:versionName="1.0" >
7
8    <uses-sdk
9        android:minSdkVersion="16"
9-->src/main/AndroidManifest.xml
10        android:targetSdkVersion="28" />
10-->src/main/AndroidManifest.xml
11
12    <application
12-->src/main/AndroidManifest.xml:5:5-10:19
13        android:allowBackup="true"
13-->src/main/AndroidManifest.xml:5:18-44
14        android:icon="@drawable/ic_launcher"
14-->src/main/AndroidManifest.xml:7:9-45
15        android:label="@string/app_name" >
15-->src/main/AndroidManifest.xml:6:9-41
16    </application>
17
18</manifest>